Arguments: 
  C:\Program Files\nodejs\node.exe C:\Users\MxRanger\AppData\Roaming\npm\node_modules\yarn\bin\yarn.js

PATH: 
  C:\ProgramData\Oracle\Java\javapath;C:\Program Files\NVIDIA GPU Computing Toolkit\CUDA\v9.2\bin;C:\Program Files\NVIDIA GPU Computing Toolkit\CUDA\v9.2\libnvvp;D:\pythontest\python36\Scripts\;D:\pythontest\python36\;C:\Windows\system32;C:\Windows;C:\Windows\System32\Wbem;C:\Windows\System32\WindowsPowerShell\v1.0\;C:\Windows\System32\OpenSSH\;C:\Program Files (x86)\NVIDIA Corporation\PhysX\Common;D:\software\Git\Git\cmd;C:\Program Files\dotnet\;D:\software\Git\mingw64\libexec\git-core;D:\software\Git\mingw64\bin;E:\protoc-3.4.0-win32\bin;E:\protoc-3.4.0-win32\include;E:\models\research;E:\models\research\slim;C:\apache-tomcat-8.5.34\bin;C:\Program Files\MySQL\MySQL Utilities 1.6\;C:\Program Files\nodejs\;C:\Program Files\MongoDB\Server\4.0\bin;G:\apache-maven-3.6.0-bin\apache-maven-3.6.0\bin;C:\Program Files\Java\jdk1.8.0_161\bin;F:\hadoop-2.8.5\hadoop-2.8.5\bin;C:\Program Files (x86)\scala\bin;D:\software\ffmpeg-20190323-5fceac1-win64-static\bin;D:\software\texlive\2018\bin\win32;C:\Users\MxRanger\AppData\Local\Microsoft\WindowsApps;C:\Users\MxRanger\AppData\Roaming\npm;D:\software\Microsoft VS Code\bin;C:\Users\MxRanger\AppData\Local\GitHubDesktop\bin

Yarn version: 
  1.15.2

Node version: 
  10.13.0

Platform: 
  win32 x64

Trace: 
  Error: EPERM: operation not permitted, scandir 'F:\myelectron\electron-vue\CrudSystem\node_modules\@types'

npm manifest: 
  {
    "name": "crudsystem",
    "version": "0.0.1",
    "author": "GavinGrayer <236514536@qq.com>",
    "description": "An electron-vue project",
    "license": null,
    "main": "./dist/electron/main.js",
    "scripts": {
      "build": "node .electron-vue/build.js && electron-builder",
      "build:dir": "node .electron-vue/build.js && electron-builder --dir",
      "build:clean": "cross-env BUILD_TARGET=clean node .electron-vue/build.js",
      "build:web": "cross-env BUILD_TARGET=web node .electron-vue/build.js",
      "dev": "node .electron-vue/dev-runner.js",
      "e2e": "npm run pack && mocha test/e2e",
      "lint": "eslint --ext .js,.vue -f ./node_modules/eslint-friendly-formatter src test",
      "lint:fix": "eslint --ext .js,.vue -f ./node_modules/eslint-friendly-formatter --fix src test",
      "pack": "npm run pack:main && npm run pack:renderer",
      "pack:main": "cross-env NODE_ENV=production webpack --progress --colors --config .electron-vue/webpack.main.config.js",
      "pack:renderer": "cross-env NODE_ENV=production webpack --progress --colors --config .electron-vue/webpack.renderer.config.js",
      "test": "npm run unit && npm run e2e",
      "unit": "karma start test/unit/karma.conf.js",
      "postinstall": "npm run lint:fix"
    },
    "build": {
      "productName": "crudsystem",
      "appId": "com.example.yourapp",
      "directories": {
        "output": "build"
      },
      "files": [
        "dist/electron/**/*"
      ],
      "dmg": {
        "contents": [
          {
            "x": 410,
            "y": 150,
            "type": "link",
            "path": "/Applications"
          },
          {
            "x": 130,
            "y": 150,
            "type": "file"
          }
        ]
      },
      "mac": {
        "icon": "build/icons/icon.icns"
      },
      "win": {
        "icon": "build/icons/icon.ico"
      },
      "linux": {
        "icon": "build/icons"
      }
    },
    "dependencies": {
      "axios": "^0.18.0",
      "element-ui": "^2.7.2",
      "vue": "^2.5.16",
      "vue-electron": "^1.0.6",
      "vue-router": "^3.0.1",
      "vuex": "^3.0.1",
      "vuex-electron": "^1.0.0"
    },
    "devDependencies": {
      "ajv": "^6.5.0",
      "babel-core": "^6.26.3",
      "babel-loader": "^7.1.4",
      "babel-plugin-transform-runtime": "^6.23.0",
      "babel-preset-env": "^1.7.0",
      "babel-preset-stage-0": "^6.24.1",
      "babel-register": "^6.26.0",
      "babili-webpack-plugin": "^0.1.2",
      "cfonts": "^2.1.2",
      "chalk": "^2.4.1",
      "copy-webpack-plugin": "^4.5.1",
      "cross-env": "^5.1.6",
      "css-loader": "^0.28.11",
      "del": "^3.0.0",
      "devtron": "^1.4.0",
      "electron": "^2.0.4",
      "electron-debug": "^1.5.0",
      "electron-devtools-installer": "^2.2.4",
      "electron-builder": "^20.19.2",
      "babel-eslint": "^8.2.3",
      "eslint": "^4.19.1",
      "eslint-friendly-formatter": "^4.0.1",
      "eslint-loader": "^2.0.0",
      "eslint-plugin-html": "^4.0.3",
      "eslint-config-standard": "^11.0.0",
      "eslint-plugin-import": "^2.12.0",
      "eslint-plugin-node": "^6.0.1",
      "eslint-plugin-promise": "^3.8.0",
      "eslint-plugin-standard": "^3.1.0",
      "mini-css-extract-plugin": "0.4.0",
      "file-loader": "^1.1.11",
      "html-webpack-plugin": "^3.2.0",
      "inject-loader": "^4.0.1",
      "karma": "^2.0.2",
      "karma-chai": "^0.1.0",
      "karma-coverage": "^1.1.2",
      "karma-electron": "^6.0.0",
      "karma-mocha": "^1.3.0",
      "karma-sourcemap-loader": "^0.3.7",
      "karma-spec-reporter": "^0.0.32",
      "karma-webpack": "^3.0.0",
      "require-dir": "^1.0.0",
      "spectron": "^3.8.0",
      "babel-plugin-istanbul": "^4.1.6",
      "chai": "^4.1.2",
      "mocha": "^5.2.0",
      "multispinner": "^0.2.1",
      "node-loader": "^0.6.0",
      "node-sass": "^4.9.2",
      "sass-loader": "^7.0.3",
      "style-loader": "^0.21.0",
      "url-loader": "^1.0.1",
      "vue-html-loader": "^1.2.4",
      "vue-loader": "^15.2.4",
      "vue-style-loader": "^4.1.0",
      "vue-template-compiler": "^2.5.16",
      "webpack-cli": "^3.0.8",
      "webpack": "^4.15.1",
      "webpack-dev-server": "^3.1.4",
      "webpack-hot-middleware": "^2.22.2",
      "webpack-merge": "^4.1.3"
    }
  }

yarn manifest: 
  No manifest

Lockfile: 
  No lockfile
